<?xml version="1.0" encoding="UTF-8"?>
<testsuites name="TS-Web" time="31.168" tests="9" failures="0" errors="0">
   <testsuite name="TS-Web" tests="9" failures="0" errors="0" time="31.168" skipped="0" timestamp="05-03-2024T12:26:48" hostname="Administrator - 10.1.85.163" id="Test Suites/TS-Web">
      <properties>
[...]
</properties>
      <testcase name="Test Cases/Test-Web/Test_Google" time="4.509" classname="Test Cases/Test-Web/Test_Google" status="PASSED">
         <system-out><![CDATA[05-03-2024T12:26:48 - [TEST_CASE][PASSED] - Test Cases/Test-Web/Test_Google: Test Cases/Test-Web/Test_Google

05-03-2024T12:26:48 - [TEST_STEP][PASSED] - openBrowser(""): Browser is opened with url: ''

05-03-2024T12:26:48 - [MESSAGE][INFO] - Starting 'Chrome' driver

05-03-2024T12:26:48 - [MESSAGE][INFO] - Action delay is set to 0 milliseconds

05-03-2024T12:26:49 - [MESSAGE][PASSED] - Browser is opened with url: ''

05-03-2024T12:26:49 - [TEST_STEP][PASSED] - navigateToUrl("http://localhost/Python-and-Capture-Screen-Short/Customer/Customer.html"): Navigate to 'http://localhost/Python-and-Capture-Screen-Short/Customer/Customer.html' successfully

05-03-2024T12:26:49 - [MESSAGE][PASSED] - Navigate to 'http://localhost/Python-and-Capture-Screen-Short/Customer/Customer.html' successfully

05-03-2024T12:26:49 - [TEST_STEP][PASSED] - setText(findTestObject("Page_CustomerDetail Form/input_First Name_firstName"), "johnjohn"): Text 'johnjohn' is set on object 'Object Repository/Page_CustomerDetail Form/input_First Name_firstName'

05-03-2024T12:26:50 - [MESSAGE][PASSED] - Text 'johnjohn' is set on object 'Object Repository/Page_CustomerDetail Form/input_First Name_firstName'

05-03-2024T12:26:50 - [TEST_STEP][PASSED] - setText(findTestObject("KatalonTest/Page_CustomerDetail Form/input_Last Name_lastName"), "canonc"): Text 'canonc' is set on object 'Object Repository/KatalonTest/Page_CustomerDetail Form/input_Last Name_lastName'

05-03-2024T12:26:51 - [MESSAGE][PASSED] - Text 'canonc' is set on object 'Object Repository/KatalonTest/Page_CustomerDetail Form/input_Last Name_lastName'

05-03-2024T12:26:51 - [TEST_STEP][PASSED] - setText(findTestObject("KatalonTest/Page_CustomerDetail Form/input_Age_age"), "2"): Text '2' is set on object 'Object Repository/KatalonTest/Page_CustomerDetail Form/input_Age_age'

05-03-2024T12:26:51 - [MESSAGE][PASSED] - Text '2' is set on object 'Object Repository/KatalonTest/Page_CustomerDetail Form/input_Age_age'

05-03-2024T12:26:51 - [TEST_STEP][PASSED] - click(findTestObject("KatalonTest/Page_CustomerDetail Form/input_submit")): Object: 'Object Repository/KatalonTest/Page_CustomerDetail Form/input_submit' is clicked on

05-03-2024T12:26:51 - [MESSAGE][PASSED] - Object: 'Object Repository/KatalonTest/Page_CustomerDetail Form/input_submit' is clicked on

05-03-2024T12:26:51 - [TEST_STEP][PASSED] - verifyElementText(findTestObject("KatalonTest/Page_CustomerDetail Form/Page_CustomerDetail Form/p_First Name"), "First Name: johnjohn"): Actual text and expected text of test object 'Object Repository/KatalonTest/Page_CustomerDetail Form/Page_CustomerDetail Form/p_First Name' are matched.

05-03-2024T12:26:52 - [MESSAGE][PASSED] - Actual text and expected text of test object 'Object Repository/KatalonTest/Page_CustomerDetail Form/Page_CustomerDetail Form/p_First Name' are matched.

05-03-2024T12:26:52 - [TEST_STEP][PASSED] - takeFullPageScreenshot("IMG/Screen1.png"): Taking screenshot successfully

05-03-2024T12:26:52 - [MESSAGE][INFO] - 0 hidden object(s)

05-03-2024T12:26:52 - [MESSAGE][PASSED] - Taking screenshot successfully
[[ATTACHMENT|C:\\Users\\Administrator\\Katalon Studio\\My First Web UI Project\\Reports\\25670305_122639\\TS-Web\\25670305_122639\\IMG/Screen1.png]]

05-03-2024T12:26:52 - [TEST_STEP][PASSED] - closeBrowser(): Browser is closed

05-03-2024T12:26:52 - [MESSAGE][PASSED] - Browser is closed]]></system-out>
         <system-err><![CDATA[]]></system-err>
      </testcase>
      <testcase name="Test Cases/Test-Web/Test_Google2" time="3.369" classname="Test Cases/Test-Web/Test_Google2" status="PASSED">
         <system-out><![CDATA[05-03-2024T12:26:52 - [TEST_CASE][PASSED] - Test Cases/Test-Web/Test_Google2: Test Cases/Test-Web/Test_Google2

05-03-2024T12:26:52 - [TEST_STEP][PASSED] - openBrowser(""): Browser is opened with url: ''

05-03-2024T12:26:52 - [MESSAGE][INFO] - Starting 'Chrome' driver

05-03-2024T12:26:52 - [MESSAGE][INFO] - Action delay is set to 0 milliseconds

05-03-2024T12:26:53 - [MESSAGE][PASSED] - Browser is opened with url: ''

05-03-2024T12:26:53 - [TEST_STEP][PASSED] - navigateToUrl("http://localhost/Python-and-Capture-Screen-Short/Customer/Customer.html"): Navigate to 'http://localhost/Python-and-Capture-Screen-Short/Customer/Customer.html' successfully

05-03-2024T12:26:53 - [MESSAGE][PASSED] - Navigate to 'http://localhost/Python-and-Capture-Screen-Short/Customer/Customer.html' successfully

05-03-2024T12:26:53 - [TEST_STEP][PASSED] - setText(findTestObject("Page_CustomerDetail Form/input_First Name_firstName"), "Johnj"): Text 'Johnj' is set on object 'Object Repository/Page_CustomerDetail Form/input_First Name_firstName'

05-03-2024T12:26:53 - [MESSAGE][PASSED] - Text 'Johnj' is set on object 'Object Repository/Page_CustomerDetail Form/input_First Name_firstName'

05-03-2024T12:26:53 - [TEST_STEP][PASSED] - setText(findTestObject("KatalonTest/Page_CustomerDetail Form/input_Last Name_lastName"), "canoncanoncano"): Text 'canoncanoncano' is set on object 'Object Repository/KatalonTest/Page_CustomerDetail Form/input_Last Name_lastName'

05-03-2024T12:26:54 - [MESSAGE][PASSED] - Text 'canoncanoncano' is set on object 'Object Repository/KatalonTest/Page_CustomerDetail Form/input_Last Name_lastName'

05-03-2024T12:26:54 - [TEST_STEP][PASSED] - setText(findTestObject("KatalonTest/Page_CustomerDetail Form/input_Age_age"), "149"): Text '149' is set on object 'Object Repository/KatalonTest/Page_CustomerDetail Form/input_Age_age'

05-03-2024T12:26:55 - [MESSAGE][PASSED] - Text '149' is set on object 'Object Repository/KatalonTest/Page_CustomerDetail Form/input_Age_age'

05-03-2024T12:26:55 - [TEST_STEP][PASSED] - click(findTestObject("KatalonTest/Page_CustomerDetail Form/input_submit")): Object: 'Object Repository/KatalonTest/Page_CustomerDetail Form/input_submit' is clicked on

05-03-2024T12:26:55 - [MESSAGE][PASSED] - Object: 'Object Repository/KatalonTest/Page_CustomerDetail Form/input_submit' is clicked on

05-03-2024T12:26:55 - [TEST_STEP][PASSED] - verifyElementText(findTestObject("KatalonTest/Page_CustomerDetail Form/Page_CustomerDetail Form/p_First Name"), "First Name: Johnj"): Actual text and expected text of test object 'Object Repository/KatalonTest/Page_CustomerDetail Form/Page_CustomerDetail Form/p_First Name' are matched.

05-03-2024T12:26:55 - [MESSAGE][PASSED] - Actual text and expected text of test object 'Object Repository/KatalonTest/Page_CustomerDetail Form/Page_CustomerDetail Form/p_First Name' are matched.

05-03-2024T12:26:55 - [TEST_STEP][PASSED] - takeFullPageScreenshot("IMG/Screen2.png"): Taking screenshot successfully

05-03-2024T12:26:55 - [MESSAGE][INFO] - 0 hidden object(s)

05-03-2024T12:26:56 - [MESSAGE][PASSED] - Taking screenshot successfully
[[ATTACHMENT|C:\\Users\\Administrator\\Katalon Studio\\My First Web UI Project\\Reports\\25670305_122639\\TS-Web\\25670305_122639\\IMG/Screen2.png]]

05-03-2024T12:26:56 - [TEST_STEP][PASSED] - closeBrowser(): Browser is closed

05-03-2024T12:26:56 - [MESSAGE][PASSED] - Browser is closed]]></system-out>
         <system-err><![CDATA[]]></system-err>
      </testcase>
      <testcase name="Test Cases/Test-Web/Test_Google3" time="3.391" classname="Test Cases/Test-Web/Test_Google3" status="PASSED">
         <system-out><![CDATA[05-03-2024T12:26:56 - [TEST_CASE][PASSED] - Test Cases/Test-Web/Test_Google3: Test Cases/Test-Web/Test_Google3

05-03-2024T12:26:56 - [TEST_STEP][PASSED] - openBrowser(""): Browser is opened with url: ''

05-03-2024T12:26:56 - [MESSAGE][INFO] - Starting 'Chrome' driver

05-03-2024T12:26:56 - [MESSAGE][INFO] - Action delay is set to 0 milliseconds

05-03-2024T12:26:56 - [MESSAGE][PASSED] - Browser is opened with url: ''

05-03-2024T12:26:56 - [TEST_STEP][PASSED] - navigateToUrl("http://localhost/Python-and-Capture-Screen-Short/Customer/Customer.html"): Navigate to 'http://localhost/Python-and-Capture-Screen-Short/Customer/Customer.html' successfully

05-03-2024T12:26:56 - [MESSAGE][PASSED] - Navigate to 'http://localhost/Python-and-Capture-Screen-Short/Customer/Customer.html' successfully

05-03-2024T12:26:56 - [TEST_STEP][PASSED] - setText(findTestObject("Page_CustomerDetail Form/input_First Name_firstName"), "johnjo"): Text 'johnjo' is set on object 'Object Repository/Page_CustomerDetail Form/input_First Name_firstName'

05-03-2024T12:26:57 - [MESSAGE][PASSED] - Text 'johnjo' is set on object 'Object Repository/Page_CustomerDetail Form/input_First Name_firstName'

05-03-2024T12:26:57 - [TEST_STEP][PASSED] - setText(findTestObject("KatalonTest/Page_CustomerDetail Form/input_Last Name_lastName"), "canoncanoncanon"): Text 'canoncanoncanon' is set on object 'Object Repository/KatalonTest/Page_CustomerDetail Form/input_Last Name_lastName'

05-03-2024T12:26:57 - [MESSAGE][PASSED] - Text 'canoncanoncanon' is set on object 'Object Repository/KatalonTest/Page_CustomerDetail Form/input_Last Name_lastName'

05-03-2024T12:26:57 - [TEST_STEP][PASSED] - setText(findTestObject("KatalonTest/Page_CustomerDetail Form/input_Age_age"), "150"): Text '150' is set on object 'Object Repository/KatalonTest/Page_CustomerDetail Form/input_Age_age'

05-03-2024T12:26:58 - [MESSAGE][PASSED] - Text '150' is set on object 'Object Repository/KatalonTest/Page_CustomerDetail Form/input_Age_age'

05-03-2024T12:26:58 - [TEST_STEP][PASSED] - click(findTestObject("KatalonTest/Page_CustomerDetail Form/input_submit")): Object: 'Object Repository/KatalonTest/Page_CustomerDetail Form/input_submit' is clicked on

05-03-2024T12:26:58 - [MESSAGE][PASSED] - Object: 'Object Repository/KatalonTest/Page_CustomerDetail Form/input_submit' is clicked on

05-03-2024T12:26:58 - [TEST_STEP][PASSED] - verifyElementText(findTestObject("KatalonTest/Page_CustomerDetail Form/Page_CustomerDetail Form/p_First Name"), "First Name: johnjo"): Actual text and expected text of test object 'Object Repository/KatalonTest/Page_CustomerDetail Form/Page_CustomerDetail Form/p_First Name' are matched.

05-03-2024T12:26:59 - [MESSAGE][PASSED] - Actual text and expected text of test object 'Object Repository/KatalonTest/Page_CustomerDetail Form/Page_CustomerDetail Form/p_First Name' are matched.

05-03-2024T12:26:59 - [TEST_STEP][PASSED] - takeFullPageScreenshot("IMG/Screen3.png"): Taking screenshot successfully

05-03-2024T12:26:59 - [MESSAGE][INFO] - 0 hidden object(s)

05-03-2024T12:26:59 - [MESSAGE][PASSED] - Taking screenshot successfully
[[ATTACHMENT|C:\\Users\\Administrator\\Katalon Studio\\My First Web UI Project\\Reports\\25670305_122639\\TS-Web\\25670305_122639\\IMG/Screen3.png]]

05-03-2024T12:26:59 - [TEST_STEP][PASSED] - closeBrowser(): Browser is closed

05-03-2024T12:26:59 - [MESSAGE][PASSED] - Browser is closed]]></system-out>
         <system-err><![CDATA[]]></system-err>
      </testcase>
      <testcase name="Test Cases/Test-Web/Test_Google4" time="3.288" classname="Test Cases/Test-Web/Test_Google4" status="PASSED">
         <system-out><![CDATA[05-03-2024T12:26:59 - [TEST_CASE][PASSED] - Test Cases/Test-Web/Test_Google4: Test Cases/Test-Web/Test_Google4

05-03-2024T12:26:59 - [TEST_STEP][PASSED] - openBrowser(""): Browser is opened with url: ''

05-03-2024T12:26:59 - [MESSAGE][INFO] - Starting 'Chrome' driver

05-03-2024T12:26:59 - [MESSAGE][INFO] - Action delay is set to 0 milliseconds

05-03-2024T12:27:00 - [MESSAGE][PASSED] - Browser is opened with url: ''

05-03-2024T12:27:00 - [TEST_STEP][PASSED] - navigateToUrl("http://localhost/Python-and-Capture-Screen-Short/Customer/Customer.html"): Navigate to 'http://localhost/Python-and-Capture-Screen-Short/Customer/Customer.html' successfully

05-03-2024T12:27:00 - [MESSAGE][PASSED] - Navigate to 'http://localhost/Python-and-Capture-Screen-Short/Customer/Customer.html' successfully

05-03-2024T12:27:00 - [TEST_STEP][PASSED] - setText(findTestObject("Page_CustomerDetail Form/input_First Name_firstName"), "Johnjohnjohnjo"): Text 'Johnjohnjohnjo' is set on object 'Object Repository/Page_CustomerDetail Form/input_First Name_firstName'

05-03-2024T12:27:00 - [MESSAGE][PASSED] - Text 'Johnjohnjohnjo' is set on object 'Object Repository/Page_CustomerDetail Form/input_First Name_firstName'

05-03-2024T12:27:00 - [TEST_STEP][PASSED] - setText(findTestObject("KatalonTest/Page_CustomerDetail Form/input_Last Name_lastName"), "canoncan"): Text 'canoncan' is set on object 'Object Repository/KatalonTest/Page_CustomerDetail Form/input_Last Name_lastName'

05-03-2024T12:27:01 - [MESSAGE][PASSED] - Text 'canoncan' is set on object 'Object Repository/KatalonTest/Page_CustomerDetail Form/input_Last Name_lastName'

05-03-2024T12:27:01 - [TEST_STEP][PASSED] - setText(findTestObject("KatalonTest/Page_CustomerDetail Form/input_Age_age"), "75"): Text '75' is set on object 'Object Repository/KatalonTest/Page_CustomerDetail Form/input_Age_age'

05-03-2024T12:27:01 - [MESSAGE][PASSED] - Text '75' is set on object 'Object Repository/KatalonTest/Page_CustomerDetail Form/input_Age_age'

05-03-2024T12:27:01 - [TEST_STEP][PASSED] - click(findTestObject("KatalonTest/Page_CustomerDetail Form/input_submit")): Object: 'Object Repository/KatalonTest/Page_CustomerDetail Form/input_submit' is clicked on

05-03-2024T12:27:02 - [MESSAGE][PASSED] - Object: 'Object Repository/KatalonTest/Page_CustomerDetail Form/input_submit' is clicked on

05-03-2024T12:27:02 - [TEST_STEP][PASSED] - verifyElementText(findTestObject("KatalonTest/Page_CustomerDetail Form/Page_CustomerDetail Form/p_First Name"), "First Name: Johnjohnjohnjo"): Actual text and expected text of test object 'Object Repository/KatalonTest/Page_CustomerDetail Form/Page_CustomerDetail Form/p_First Name' are matched.

05-03-2024T12:27:02 - [MESSAGE][PASSED] - Actual text and expected text of test object 'Object Repository/KatalonTest/Page_CustomerDetail Form/Page_CustomerDetail Form/p_First Name' are matched.

05-03-2024T12:27:02 - [TEST_STEP][PASSED] - takeFullPageScreenshot("IMG/Screen4.png"): Taking screenshot successfully

05-03-2024T12:27:02 - [MESSAGE][INFO] - 0 hidden object(s)

05-03-2024T12:27:02 - [MESSAGE][PASSED] - Taking screenshot successfully
[[ATTACHMENT|C:\\Users\\Administrator\\Katalon Studio\\My First Web UI Project\\Reports\\25670305_122639\\TS-Web\\25670305_122639\\IMG/Screen4.png]]

05-03-2024T12:27:02 - [TEST_STEP][PASSED] - closeBrowser(): Browser is closed

05-03-2024T12:27:02 - [MESSAGE][PASSED] - Browser is closed]]></system-out>
         <system-err><![CDATA[]]></system-err>
      </testcase>
      <testcase name="Test Cases/Test-Web/Test_Google5" time="3.28" classname="Test Cases/Test-Web/Test_Google5" status="PASSED">
         <system-out><![CDATA[05-03-2024T12:27:02 - [TEST_CASE][PASSED] - Test Cases/Test-Web/Test_Google5: Test Cases/Test-Web/Test_Google5

05-03-2024T12:27:02 - [TEST_STEP][PASSED] - openBrowser(""): Browser is opened with url: ''

05-03-2024T12:27:02 - [MESSAGE][INFO] - Starting 'Chrome' driver

05-03-2024T12:27:02 - [MESSAGE][INFO] - Action delay is set to 0 milliseconds

05-03-2024T12:27:03 - [MESSAGE][PASSED] - Browser is opened with url: ''

05-03-2024T12:27:03 - [TEST_STEP][PASSED] - navigateToUrl("http://localhost/Python-and-Capture-Screen-Short/Customer/Customer.html"): Navigate to 'http://localhost/Python-and-Capture-Screen-Short/Customer/Customer.html' successfully

05-03-2024T12:27:03 - [MESSAGE][PASSED] - Navigate to 'http://localhost/Python-and-Capture-Screen-Short/Customer/Customer.html' successfully

05-03-2024T12:27:03 - [TEST_STEP][PASSED] - setText(findTestObject("Page_CustomerDetail Form/input_First Name_firstName"), "johnjohnjohnjoh"): Text 'johnjohnjohnjoh' is set on object 'Object Repository/Page_CustomerDetail Form/input_First Name_firstName'

05-03-2024T12:27:04 - [MESSAGE][PASSED] - Text 'johnjohnjohnjoh' is set on object 'Object Repository/Page_CustomerDetail Form/input_First Name_firstName'

05-03-2024T12:27:04 - [TEST_STEP][PASSED] - setText(findTestObject("KatalonTest/Page_CustomerDetail Form/input_Last Name_lastName"), "canoncan"): Text 'canoncan' is set on object 'Object Repository/KatalonTest/Page_CustomerDetail Form/input_Last Name_lastName'

05-03-2024T12:27:04 - [MESSAGE][PASSED] - Text 'canoncan' is set on object 'Object Repository/KatalonTest/Page_CustomerDetail Form/input_Last Name_lastName'

05-03-2024T12:27:04 - [TEST_STEP][PASSED] - setText(findTestObject("KatalonTest/Page_CustomerDetail Form/input_Age_age"), "75"): Text '75' is set on object 'Object Repository/KatalonTest/Page_CustomerDetail Form/input_Age_age'

05-03-2024T12:27:05 - [MESSAGE][PASSED] - Text '75' is set on object 'Object Repository/KatalonTest/Page_CustomerDetail Form/input_Age_age'

05-03-2024T12:27:05 - [TEST_STEP][PASSED] - click(findTestObject("KatalonTest/Page_CustomerDetail Form/input_submit")): Object: 'Object Repository/KatalonTest/Page_CustomerDetail Form/input_submit' is clicked on

05-03-2024T12:27:05 - [MESSAGE][PASSED] - Object: 'Object Repository/KatalonTest/Page_CustomerDetail Form/input_submit' is clicked on

05-03-2024T12:27:05 - [TEST_STEP][PASSED] - verifyElementText(findTestObject("KatalonTest/Page_CustomerDetail Form/Page_CustomerDetail Form/p_First Name"), "First Name: johnjohnjohnjoh"): Actual text and expected text of test object 'Object Repository/KatalonTest/Page_CustomerDetail Form/Page_CustomerDetail Form/p_First Name' are matched.

05-03-2024T12:27:05 - [MESSAGE][PASSED] - Actual text and expected text of test object 'Object Repository/KatalonTest/Page_CustomerDetail Form/Page_CustomerDetail Form/p_First Name' are matched.

05-03-2024T12:27:05 - [TEST_STEP][PASSED] - takeFullPageScreenshot("IMG/Screen5.png"): Taking screenshot successfully

05-03-2024T12:27:05 - [MESSAGE][INFO] - 0 hidden object(s)

05-03-2024T12:27:05 - [MESSAGE][PASSED] - Taking screenshot successfully
[[ATTACHMENT|C:\\Users\\Administrator\\Katalon Studio\\My First Web UI Project\\Reports\\25670305_122639\\TS-Web\\25670305_122639\\IMG/Screen5.png]]

05-03-2024T12:27:05 - [TEST_STEP][PASSED] - closeBrowser(): Browser is closed

05-03-2024T12:27:06 - [MESSAGE][PASSED] - Browser is closed]]></system-out>
         <system-err><![CDATA[]]></system-err>
      </testcase>
      <testcase name="Test Cases/Test-Web/Test_Google6" time="3.331" classname="Test Cases/Test-Web/Test_Google6" status="PASSED">
         <system-out><![CDATA[05-03-2024T12:27:06 - [TEST_CASE][PASSED] - Test Cases/Test-Web/Test_Google6: Test Cases/Test-Web/Test_Google6

05-03-2024T12:27:06 - [TEST_STEP][PASSED] - openBrowser(""): Browser is opened with url: ''

05-03-2024T12:27:06 - [MESSAGE][INFO] - Starting 'Chrome' driver

05-03-2024T12:27:06 - [MESSAGE][INFO] - Action delay is set to 0 milliseconds

05-03-2024T12:27:06 - [MESSAGE][PASSED] - Browser is opened with url: ''

05-03-2024T12:27:06 - [TEST_STEP][PASSED] - navigateToUrl("http://localhost/Python-and-Capture-Screen-Short/Customer/Customer.html"): Navigate to 'http://localhost/Python-and-Capture-Screen-Short/Customer/Customer.html' successfully

05-03-2024T12:27:06 - [MESSAGE][PASSED] - Navigate to 'http://localhost/Python-and-Capture-Screen-Short/Customer/Customer.html' successfully

05-03-2024T12:27:06 - [TEST_STEP][PASSED] - setText(findTestObject("Page_CustomerDetail Form/input_First Name_firstName"), "John"): Text 'John' is set on object 'Object Repository/Page_CustomerDetail Form/input_First Name_firstName'

05-03-2024T12:27:07 - [MESSAGE][PASSED] - Text 'John' is set on object 'Object Repository/Page_CustomerDetail Form/input_First Name_firstName'

05-03-2024T12:27:07 - [TEST_STEP][PASSED] - setText(findTestObject("KatalonTest/Page_CustomerDetail Form/input_Last Name_lastName"), "canoncan"): Text 'canoncan' is set on object 'Object Repository/KatalonTest/Page_CustomerDetail Form/input_Last Name_lastName'

05-03-2024T12:27:07 - [MESSAGE][PASSED] - Text 'canoncan' is set on object 'Object Repository/KatalonTest/Page_CustomerDetail Form/input_Last Name_lastName'

05-03-2024T12:27:07 - [TEST_STEP][PASSED] - setText(findTestObject("KatalonTest/Page_CustomerDetail Form/input_Age_age"), "75"): Text '75' is set on object 'Object Repository/KatalonTest/Page_CustomerDetail Form/input_Age_age'

05-03-2024T12:27:08 - [MESSAGE][PASSED] - Text '75' is set on object 'Object Repository/KatalonTest/Page_CustomerDetail Form/input_Age_age'

05-03-2024T12:27:08 - [TEST_STEP][PASSED] - click(findTestObject("KatalonTest/Page_CustomerDetail Form/input_submit")): Object: 'Object Repository/KatalonTest/Page_CustomerDetail Form/input_submit' is clicked on

05-03-2024T12:27:08 - [MESSAGE][PASSED] - Object: 'Object Repository/KatalonTest/Page_CustomerDetail Form/input_submit' is clicked on

05-03-2024T12:27:08 - [TEST_STEP][PASSED] - verifyElementText(findTestObject("KatalonTest/Page_CustomerDetail Form/Page_CustomerDetail Form/p_First Name"), "First Name: John"): Actual text and expected text of test object 'Object Repository/KatalonTest/Page_CustomerDetail Form/Page_CustomerDetail Form/p_First Name' are matched.

05-03-2024T12:27:09 - [MESSAGE][PASSED] - Actual text and expected text of test object 'Object Repository/KatalonTest/Page_CustomerDetail Form/Page_CustomerDetail Form/p_First Name' are matched.

05-03-2024T12:27:09 - [TEST_STEP][PASSED] - takeFullPageScreenshot("IMG/Screen6.png"): Taking screenshot successfully

05-03-2024T12:27:09 - [MESSAGE][INFO] - 0 hidden object(s)

05-03-2024T12:27:09 - [MESSAGE][PASSED] - Taking screenshot successfully
[[ATTACHMENT|C:\\Users\\Administrator\\Katalon Studio\\My First Web UI Project\\Reports\\25670305_122639\\TS-Web\\25670305_122639\\IMG/Screen6.png]]

05-03-2024T12:27:09 - [TEST_STEP][PASSED] - closeBrowser(): Browser is closed

05-03-2024T12:27:09 - [MESSAGE][PASSED] - Browser is closed]]></system-out>
         <system-err><![CDATA[]]></system-err>
      </testcase>
      <testcase name="Test Cases/Test-Web/Test_Google7" time="3.285" classname="Test Cases/Test-Web/Test_Google7" status="PASSED">
         <system-out><![CDATA[05-03-2024T12:27:09 - [TEST_CASE][PASSED] - Test Cases/Test-Web/Test_Google7: Test Cases/Test-Web/Test_Google7

05-03-2024T12:27:09 - [TEST_STEP][PASSED] - openBrowser(""): Browser is opened with url: ''

05-03-2024T12:27:09 - [MESSAGE][INFO] - Starting 'Chrome' driver

05-03-2024T12:27:09 - [MESSAGE][INFO] - Action delay is set to 0 milliseconds

05-03-2024T12:27:10 - [MESSAGE][PASSED] - Browser is opened with url: ''

05-03-2024T12:27:10 - [TEST_STEP][PASSED] - navigateToUrl("http://localhost/Python-and-Capture-Screen-Short/Customer/Customer.html"): Navigate to 'http://localhost/Python-and-Capture-Screen-Short/Customer/Customer.html' successfully

05-03-2024T12:27:10 - [MESSAGE][PASSED] - Navigate to 'http://localhost/Python-and-Capture-Screen-Short/Customer/Customer.html' successfully

05-03-2024T12:27:10 - [TEST_STEP][PASSED] - setText(findTestObject("Page_CustomerDetail Form/input_First Name_firstName"), "johnjohn"): Text 'johnjohn' is set on object 'Object Repository/Page_CustomerDetail Form/input_First Name_firstName'

05-03-2024T12:27:10 - [MESSAGE][PASSED] - Text 'johnjohn' is set on object 'Object Repository/Page_CustomerDetail Form/input_First Name_firstName'

05-03-2024T12:27:10 - [TEST_STEP][PASSED] - setText(findTestObject("KatalonTest/Page_CustomerDetail Form/input_Last Name_lastName"), "cano"): Text 'cano' is set on object 'Object Repository/KatalonTest/Page_CustomerDetail Form/input_Last Name_lastName'

05-03-2024T12:27:11 - [MESSAGE][PASSED] - Text 'cano' is set on object 'Object Repository/KatalonTest/Page_CustomerDetail Form/input_Last Name_lastName'

05-03-2024T12:27:11 - [TEST_STEP][PASSED] - setText(findTestObject("KatalonTest/Page_CustomerDetail Form/input_Age_age"), "75"): Text '75' is set on object 'Object Repository/KatalonTest/Page_CustomerDetail Form/input_Age_age'

05-03-2024T12:27:11 - [MESSAGE][PASSED] - Text '75' is set on object 'Object Repository/KatalonTest/Page_CustomerDetail Form/input_Age_age'

05-03-2024T12:27:11 - [TEST_STEP][PASSED] - click(findTestObject("KatalonTest/Page_CustomerDetail Form/input_submit")): Object: 'Object Repository/KatalonTest/Page_CustomerDetail Form/input_submit' is clicked on

05-03-2024T12:27:12 - [MESSAGE][PASSED] - Object: 'Object Repository/KatalonTest/Page_CustomerDetail Form/input_submit' is clicked on

05-03-2024T12:27:12 - [TEST_STEP][PASSED] - verifyElementText(findTestObject("KatalonTest/Page_CustomerDetail Form/Page_CustomerDetail Form/p_First Name"), "First Name: johnjohn"): Actual text and expected text of test object 'Object Repository/KatalonTest/Page_CustomerDetail Form/Page_CustomerDetail Form/p_First Name' are matched.

05-03-2024T12:27:12 - [MESSAGE][PASSED] - Actual text and expected text of test object 'Object Repository/KatalonTest/Page_CustomerDetail Form/Page_CustomerDetail Form/p_First Name' are matched.

05-03-2024T12:27:12 - [TEST_STEP][PASSED] - takeFullPageScreenshot("IMG/Screen7.png"): Taking screenshot successfully

05-03-2024T12:27:12 - [MESSAGE][INFO] - 0 hidden object(s)

05-03-2024T12:27:12 - [MESSAGE][PASSED] - Taking screenshot successfully
[[ATTACHMENT|C:\\Users\\Administrator\\Katalon Studio\\My First Web UI Project\\Reports\\25670305_122639\\TS-Web\\25670305_122639\\IMG/Screen7.png]]

05-03-2024T12:27:12 - [TEST_STEP][PASSED] - closeBrowser(): Browser is closed

05-03-2024T12:27:12 - [MESSAGE][PASSED] - Browser is closed]]></system-out>
         <system-err><![CDATA[]]></system-err>
      </testcase>
      <testcase name="Test Cases/Test-Web/Test_Google8" time="3.299" classname="Test Cases/Test-Web/Test_Google8" status="PASSED">
         <system-out><![CDATA[05-03-2024T12:27:12 - [TEST_CASE][PASSED] - Test Cases/Test-Web/Test_Google8: Test Cases/Test-Web/Test_Google8

05-03-2024T12:27:12 - [TEST_STEP][PASSED] - openBrowser(""): Browser is opened with url: ''

05-03-2024T12:27:12 - [MESSAGE][INFO] - Starting 'Chrome' driver

05-03-2024T12:27:12 - [MESSAGE][INFO] - Action delay is set to 0 milliseconds

05-03-2024T12:27:13 - [MESSAGE][PASSED] - Browser is opened with url: ''

05-03-2024T12:27:13 - [TEST_STEP][PASSED] - navigateToUrl("http://localhost/Python-and-Capture-Screen-Short/Customer/Customer.html"): Navigate to 'http://localhost/Python-and-Capture-Screen-Short/Customer/Customer.html' successfully

05-03-2024T12:27:13 - [MESSAGE][PASSED] - Navigate to 'http://localhost/Python-and-Capture-Screen-Short/Customer/Customer.html' successfully

05-03-2024T12:27:13 - [TEST_STEP][PASSED] - setText(findTestObject("Page_CustomerDetail Form/input_First Name_firstName"), "johnjohn"): Text 'johnjohn' is set on object 'Object Repository/Page_CustomerDetail Form/input_First Name_firstName'

05-03-2024T12:27:13 - [MESSAGE][PASSED] - Text 'johnjohn' is set on object 'Object Repository/Page_CustomerDetail Form/input_First Name_firstName'

05-03-2024T12:27:13 - [TEST_STEP][PASSED] - setText(findTestObject("KatalonTest/Page_CustomerDetail Form/input_Last Name_lastName"), "canoncan"): Text 'canoncan' is set on object 'Object Repository/KatalonTest/Page_CustomerDetail Form/input_Last Name_lastName'

05-03-2024T12:27:14 - [MESSAGE][PASSED] - Text 'canoncan' is set on object 'Object Repository/KatalonTest/Page_CustomerDetail Form/input_Last Name_lastName'

05-03-2024T12:27:14 - [TEST_STEP][PASSED] - setText(findTestObject("KatalonTest/Page_CustomerDetail Form/input_Age_age"), "0"): Text '0' is set on object 'Object Repository/KatalonTest/Page_CustomerDetail Form/input_Age_age'

05-03-2024T12:27:15 - [MESSAGE][PASSED] - Text '0' is set on object 'Object Repository/KatalonTest/Page_CustomerDetail Form/input_Age_age'

05-03-2024T12:27:15 - [TEST_STEP][PASSED] - click(findTestObject("KatalonTest/Page_CustomerDetail Form/input_submit")): Object: 'Object Repository/KatalonTest/Page_CustomerDetail Form/input_submit' is clicked on

05-03-2024T12:27:15 - [MESSAGE][PASSED] - Object: 'Object Repository/KatalonTest/Page_CustomerDetail Form/input_submit' is clicked on

05-03-2024T12:27:15 - [TEST_STEP][PASSED] - verifyElementText(findTestObject("KatalonTest/Page_CustomerDetail Form/Page_CustomerDetail Form/p_First Name"), "First Name: johnjohn"): Actual text and expected text of test object 'Object Repository/KatalonTest/Page_CustomerDetail Form/Page_CustomerDetail Form/p_First Name' are matched.

05-03-2024T12:27:15 - [MESSAGE][PASSED] - Actual text and expected text of test object 'Object Repository/KatalonTest/Page_CustomerDetail Form/Page_CustomerDetail Form/p_First Name' are matched.

05-03-2024T12:27:15 - [TEST_STEP][PASSED] - takeFullPageScreenshot("IMG/Screen8.png"): Taking screenshot successfully

05-03-2024T12:27:15 - [MESSAGE][INFO] - 0 hidden object(s)

05-03-2024T12:27:15 - [MESSAGE][PASSED] - Taking screenshot successfully
[[ATTACHMENT|C:\\Users\\Administrator\\Katalon Studio\\My First Web UI Project\\Reports\\25670305_122639\\TS-Web\\25670305_122639\\IMG/Screen8.png]]

05-03-2024T12:27:15 - [TEST_STEP][PASSED] - closeBrowser(): Browser is closed

05-03-2024T12:27:15 - [MESSAGE][PASSED] - Browser is closed]]></system-out>
         <system-err><![CDATA[]]></system-err>
      </testcase>
      <testcase name="Test Cases/Test-Web/Test_Google9" time="3.283" classname="Test Cases/Test-Web/Test_Google9" status="PASSED">
         <system-out><![CDATA[05-03-2024T12:27:15 - [TEST_CASE][PASSED] - Test Cases/Test-Web/Test_Google9: Test Cases/Test-Web/Test_Google9

05-03-2024T12:27:16 - [TEST_STEP][PASSED] - openBrowser(""): Browser is opened with url: ''

05-03-2024T12:27:16 - [MESSAGE][INFO] - Starting 'Chrome' driver

05-03-2024T12:27:16 - [MESSAGE][INFO] - Action delay is set to 0 milliseconds

05-03-2024T12:27:16 - [MESSAGE][PASSED] - Browser is opened with url: ''

05-03-2024T12:27:16 - [TEST_STEP][PASSED] - navigateToUrl("http://localhost/Python-and-Capture-Screen-Short/Customer/Customer.html"): Navigate to 'http://localhost/Python-and-Capture-Screen-Short/Customer/Customer.html' successfully

05-03-2024T12:27:16 - [MESSAGE][PASSED] - Navigate to 'http://localhost/Python-and-Capture-Screen-Short/Customer/Customer.html' successfully

05-03-2024T12:27:16 - [TEST_STEP][PASSED] - setText(findTestObject("Page_CustomerDetail Form/input_First Name_firstName"), "johnjohn"): Text 'johnjohn' is set on object 'Object Repository/Page_CustomerDetail Form/input_First Name_firstName'

05-03-2024T12:27:17 - [MESSAGE][PASSED] - Text 'johnjohn' is set on object 'Object Repository/Page_CustomerDetail Form/input_First Name_firstName'

05-03-2024T12:27:17 - [TEST_STEP][PASSED] - setText(findTestObject("KatalonTest/Page_CustomerDetail Form/input_Last Name_lastName"), "canoncan"): Text 'canoncan' is set on object 'Object Repository/KatalonTest/Page_CustomerDetail Form/input_Last Name_lastName'

05-03-2024T12:27:17 - [MESSAGE][PASSED] - Text 'canoncan' is set on object 'Object Repository/KatalonTest/Page_CustomerDetail Form/input_Last Name_lastName'

05-03-2024T12:27:17 - [TEST_STEP][PASSED] - setText(findTestObject("KatalonTest/Page_CustomerDetail Form/input_Age_age"), "151"): Text '151' is set on object 'Object Repository/KatalonTest/Page_CustomerDetail Form/input_Age_age'

05-03-2024T12:27:18 - [MESSAGE][PASSED] - Text '151' is set on object 'Object Repository/KatalonTest/Page_CustomerDetail Form/input_Age_age'

05-03-2024T12:27:18 - [TEST_STEP][PASSED] - click(findTestObject("KatalonTest/Page_CustomerDetail Form/input_submit")): Object: 'Object Repository/KatalonTest/Page_CustomerDetail Form/input_submit' is clicked on

05-03-2024T12:27:18 - [MESSAGE][PASSED] - Object: 'Object Repository/KatalonTest/Page_CustomerDetail Form/input_submit' is clicked on

05-03-2024T12:27:18 - [TEST_STEP][PASSED] - verifyElementText(findTestObject("KatalonTest/Page_CustomerDetail Form/Page_CustomerDetail Form/p_First Name"), "First Name: johnjohn"): Actual text and expected text of test object 'Object Repository/KatalonTest/Page_CustomerDetail Form/Page_CustomerDetail Form/p_First Name' are matched.

05-03-2024T12:27:18 - [MESSAGE][PASSED] - Actual text and expected text of test object 'Object Repository/KatalonTest/Page_CustomerDetail Form/Page_CustomerDetail Form/p_First Name' are matched.

05-03-2024T12:27:18 - [TEST_STEP][PASSED] - takeFullPageScreenshot("IMG/Screen9.png"): Taking screenshot successfully

05-03-2024T12:27:19 - [MESSAGE][INFO] - 0 hidden object(s)

05-03-2024T12:27:19 - [MESSAGE][PASSED] - Taking screenshot successfully
[[ATTACHMENT|C:\\Users\\Administrator\\Katalon Studio\\My First Web UI Project\\Reports\\25670305_122639\\TS-Web\\25670305_122639\\IMG/Screen9.png]]

05-03-2024T12:27:19 - [TEST_STEP][PASSED] - closeBrowser(): Browser is closed

05-03-2024T12:27:19 - [MESSAGE][PASSED] - Browser is closed]]></system-out>
         <system-err><![CDATA[]]></system-err>
      </testcase>
      <system-out><![CDATA[05-03-2024T12:26:48 - [TEST_SUITE][PASSED] - TS-Web: Test Cases/Test-Web/Test_Google9]]></system-out>
      <system-err><![CDATA[]]></system-err>
   </testsuite>
</testsuites>
